<?xml version="1.0" encoding="UTF-8" ?>
<testsuite failures="1" time="3.217" errors="0" skipped="0" tests="1" name="com.ppla.app.services.test.PplaSalesOrderServiceTest">
  <properties>
[...]
</properties>
  <testcase time="2.817" classname="com.ppla.app.services.test.PplaSalesOrderServiceTest" name="testRepo">
    <failure message="expected:&lt;0&gt; but was:&lt;[]&gt;" type="java.lang.AssertionError">java.lang.AssertionError: expected:&lt;0&gt; but was:&lt;[]&gt;
	at org.junit.Assert.fail(Assert.java:88)
	at org.junit.Assert.failNotEquals(Assert.java:743)
	at org.junit.Assert.assertEquals(Assert.java:118)
	at org.junit.Assert.assertEquals(Assert.java:144)
	at com.ppla.app.services.test.PplaSalesOrderServiceTest.testRepo(PplaSalesOrderServiceTest.java:24)
	at sun.reflect.NativeMethodAccessorImpl.invoke0(Native Method)
	at sun.reflect.NativeMethodAccessorImpl.invoke(NativeMethodAccessorImpl.java:57)
	at sun.reflect.DelegatingMethodAccessorImpl.invoke(DelegatingMethodAccessorImpl.java:43)
	at java.lang.reflect.Method.invoke(Method.java:601)
	at org.junit.runners.model.FrameworkMethod$1.runReflectiveCall(FrameworkMethod.java:47)
	at org.junit.internal.runners.model.ReflectiveCallable.run(ReflectiveCallable.java:12)
	at org.junit.runners.model.FrameworkMethod.invokeExplosively(FrameworkMethod.java:44)
	at org.junit.internal.runners.statements.InvokeMethod.evaluate(InvokeMethod.java:17)
	at org.springframework.test.context.junit4.statements.RunBeforeTestMethodCallbacks.evaluate(RunBeforeTestMethodCallbacks.java:74)
	at org.springframework.test.context.junit4.statements.RunAfterTestMethodCallbacks.evaluate(RunAfterTestMethodCallbacks.java:83)
	at org.springframework.test.context.junit4.statements.SpringRepeat.evaluate(SpringRepeat.java:72)
	at org.springframework.test.context.junit4.SpringJUnit4ClassRunner.runChild(SpringJUnit4ClassRunner.java:232)
	at org.springframework.test.context.junit4.SpringJUnit4ClassRunner.runChild(SpringJUnit4ClassRunner.java:89)
	at org.junit.runners.ParentRunner$3.run(ParentRunner.java:238)
	at org.junit.runners.ParentRunner$1.schedule(ParentRunner.java:63)
	at org.junit.runners.ParentRunner.runChildren(ParentRunner.java:236)
	at org.junit.runners.ParentRunner.access$000(ParentRunner.java:53)
	at org.junit.runners.ParentRunner$2.evaluate(ParentRunner.java:229)
	at org.springframework.test.context.junit4.statements.RunBeforeTestClassCallbacks.evaluate(RunBeforeTestClassCallbacks.java:61)
	at org.springframework.test.context.junit4.statements.RunAfterTestClassCallbacks.evaluate(RunAfterTestClassCallbacks.java:71)
	at org.junit.runners.ParentRunner.run(ParentRunner.java:309)
	at org.springframework.test.context.junit4.SpringJUnit4ClassRunner.run(SpringJUnit4ClassRunner.java:175)
	at org.apache.maven.surefire.junit4.JUnit4TestSet.execute(JUnit4TestSet.java:53)
	at org.apache.maven.surefire.junit4.JUnit4Provider.executeTestSet(JUnit4Provider.java:123)
	at org.apache.maven.surefire.junit4.JUnit4Provider.invoke(JUnit4Provider.java:104)
	at sun.reflect.NativeMethodAccessorImpl.invoke0(Native Method)
	at sun.reflect.NativeMethodAccessorImpl.invoke(NativeMethodAccessorImpl.java:57)
	at sun.reflect.DelegatingMethodAccessorImpl.invoke(DelegatingMethodAccessorImpl.java:43)
	at java.lang.reflect.Method.invoke(Method.java:601)
	at org.apache.maven.surefire.util.ReflectionUtils.invokeMethodWithArray(ReflectionUtils.java:164)
	at org.apache.maven.surefire.booter.ProviderFactory$ProviderProxy.invoke(ProviderFactory.java:110)
	at org.apache.maven.surefire.booter.SurefireStarter.invokeProvider(SurefireStarter.java:175)
	at org.apache.maven.surefire.booter.SurefireStarter.runSuitesInProcessWhenForked(SurefireStarter.java:107)
	at org.apache.maven.surefire.booter.ForkedBooter.main(ForkedBooter.java:68)
</failure>
    <system-out>22:32:18,961 |-INFO in ch.qos.logback.classic.LoggerContext[default] - Could NOT find resource [logback.groovy]
22:32:18,961 |-INFO in ch.qos.logback.classic.LoggerContext[default] - Could NOT find resource [logback-test.xml]
22:32:18,961 |-INFO in ch.qos.logback.classic.LoggerContext[default] - Found resource [logback.xml] at [file:/C:/Users/Mark/git/ppla/ppla-app/target/test-classes/logback.xml]
22:32:19,109 |-INFO in ch.qos.logback.core.joran.action.AppenderAction - About to instantiate appender of type [ch.qos.logback.core.ConsoleAppender]
22:32:19,114 |-INFO in ch.qos.logback.core.joran.action.AppenderAction - Naming appender as [STDOUT]
22:32:19,138 |-INFO in ch.qos.logback.core.joran.action.NestedComplexPropertyIA - Assuming default type [ch.qos.logback.classic.encoder.PatternLayoutEncoder] for [encoder] property
22:32:19,181 |-INFO in ch.qos.logback.classic.joran.action.LoggerAction - Setting level of logger [com.ppla] to DEBUG
22:32:19,182 |-INFO in ch.qos.logback.classic.joran.action.RootLoggerAction - Setting level of ROOT logger to INFO
22:32:19,182 |-INFO in ch.qos.logback.core.joran.action.AppenderRefAction - Attaching appender named [STDOUT] to Logger[ROOT]
22:32:19,183 |-INFO in ch.qos.logback.classic.joran.action.ConfigurationAction - End of configuration.
22:32:19,185 |-INFO in ch.qos.logback.classic.joran.JoranConfigurator@60f9d924 - Registering current configuration as safe fallback point
22:32:19.257 [main] INFO  o.s.test.context.TestContextManager - Could not instantiate TestExecutionListener class [org.springframework.test.context.web.ServletTestExecutionListener]. Specify custom listener classes or make the default listener classes (and their dependencies) available.
22:32:19.442 [main] INFO  o.s.c.s.GenericApplicationContext - Refreshing org.springframework.context.support.GenericApplicationContext@7ffd5908: startup date [Tue Jun 24 22:32:19 SGT 2014]; root of context hierarchy
22:32:20.106 [main] INFO  o.s.o.j.LocalContainerEntityManagerFactoryBean - Building JPA container EntityManagerFactory for persistence unit &apos;default&apos;
22:32:20.242 [main] INFO  o.h.annotations.common.Version - HCANN000001: Hibernate Commons Annotations {4.0.1.Final}
22:32:20.247 [main] INFO  org.hibernate.Version - HHH000412: Hibernate Core {4.1.9.Final}
22:32:20.249 [main] INFO  org.hibernate.cfg.Environment - HHH000206: hibernate.properties not found
22:32:20.251 [main] INFO  org.hibernate.cfg.Environment - HHH000021: Bytecode provider name : javassist
22:32:20.272 [main] INFO  org.hibernate.ejb.Ejb3Configuration - HHH000204: Processing PersistenceUnitInfo [
	name: default
	...]
22:32:20.649 [main] INFO  o.h.s.j.c.i.ConnectionProviderInitiator - HHH000130: Instantiating explicit connection provider: org.hibernate.ejb.connection.InjectedDataSourceConnectionProvider
22:32:21.050 [main] INFO  org.hibernate.dialect.Dialect - HHH000400: Using dialect: org.hibernate.dialect.HSQLDialect
22:32:21.058 [main] INFO  o.h.e.j.internal.LobCreatorBuilder - HHH000424: Disabling contextual LOB creation as createClob() method threw error : java.lang.reflect.InvocationTargetException
22:32:21.070 [main] INFO  o.h.e.t.i.TransactionFactoryInitiator - HHH000268: Transaction strategy: org.hibernate.engine.transaction.internal.jdbc.JdbcTransactionFactory
22:32:21.075 [main] INFO  o.h.h.i.a.ASTQueryTranslatorFactory - HHH000397: Using ASTQueryTranslatorFactory
22:32:21.309 [main] INFO  o.h.tool.hbm2ddl.SchemaExport - HHH000227: Running hbm2ddl schema export
Hibernate: alter table ORDER_ITEM drop constraint FK4BBDE984FF5DF270
22:32:21.327 [main] ERROR o.h.tool.hbm2ddl.SchemaExport - HHH000389: Unsuccessful: alter table ORDER_ITEM drop constraint FK4BBDE984FF5DF270
22:32:21.327 [main] ERROR o.h.tool.hbm2ddl.SchemaExport - user lacks privilege or object not found: PUBLIC.ORDER_ITEM
Hibernate: alter table ORDER_ITEM drop constraint FK4BBDE984B9EB549A
22:32:21.333 [main] ERROR o.h.tool.hbm2ddl.SchemaExport - HHH000389: Unsuccessful: alter table ORDER_ITEM drop constraint FK4BBDE984B9EB549A
22:32:21.333 [main] ERROR o.h.tool.hbm2ddl.SchemaExport - user lacks privilege or object not found: PUBLIC.ORDER_ITEM
Hibernate: alter table SALES_ORDER drop constraint FK1E0EE21B9C237F4A
22:32:21.338 [main] ERROR o.h.tool.hbm2ddl.SchemaExport - HHH000389: Unsuccessful: alter table SALES_ORDER drop constraint FK1E0EE21B9C237F4A
22:32:21.339 [main] ERROR o.h.tool.hbm2ddl.SchemaExport - user lacks privilege or object not found: PUBLIC.SALES_ORDER
Hibernate: alter table SALES_ORDER_ORDER_ITEM drop constraint FK5D888E285171873B
22:32:21.343 [main] ERROR o.h.tool.hbm2ddl.SchemaExport - HHH000389: Unsuccessful: alter table SALES_ORDER_ORDER_ITEM drop constraint FK5D888E285171873B
22:32:21.343 [main] ERROR o.h.tool.hbm2ddl.SchemaExport - user lacks privilege or object not found: PUBLIC.SALES_ORDER_ORDER_ITEM
Hibernate: alter table SALES_ORDER_ORDER_ITEM drop constraint FK5D888E2874632D61
22:32:21.347 [main] ERROR o.h.tool.hbm2ddl.SchemaExport - HHH000389: Unsuccessful: alter table SALES_ORDER_ORDER_ITEM drop constraint FK5D888E2874632D61
22:32:21.347 [main] ERROR o.h.tool.hbm2ddl.SchemaExport - user lacks privilege or object not found: PUBLIC.SALES_ORDER_ORDER_ITEM
Hibernate: alter table WORK_ORDER drop constraint FK32436080B9EB549A
22:32:21.351 [main] ERROR o.h.tool.hbm2ddl.SchemaExport - HHH000389: Unsuccessful: alter table WORK_ORDER drop constraint FK32436080B9EB549A
22:32:21.351 [main] ERROR o.h.tool.hbm2ddl.SchemaExport - user lacks privilege or object not found: PUBLIC.WORK_ORDER
Hibernate: drop table ARTICLE if exists
Hibernate: drop table ASSET if exists
Hibernate: drop table FIRM if exists
Hibernate: drop table ORDER_ITEM if exists
Hibernate: drop table PERSON if exists
Hibernate: drop table PRODUCT if exists
Hibernate: drop table PROPERTY if exists
Hibernate: drop table SALES_ORDER if exists
Hibernate: drop table SALES_ORDER_ORDER_ITEM if exists
Hibernate: drop table WORK_ORDER if exists
Hibernate: create table ARTICLE (id bigint generated by default as identity (start with 1), description varchar(255), name varchar(255), PRODUCTION_PRICE numeric(19,2), SELLING_PRICE numeric(19,2), primary key (id))
Hibernate: create table ASSET (id bigint generated by default as identity (start with 1), description varchar(255), name varchar(255), PRICE_PER_RENTAL_PERIOD numeric(19,2), RENTAL_PERIOD integer, STATUS integer, primary key (id))
Hibernate: create table FIRM (id bigint generated by default as identity (start with 1), description varchar(255), name varchar(255), primary key (id))
Hibernate: create table ORDER_ITEM (id bigint generated by default as identity (start with 1), description varchar(255), name varchar(255), quantity numeric(19,2), product_id bigint not null, salesOrder_id bigint not null, primary key (id))
Hibernate: create table PERSON (id bigint generated by default as identity (start with 1), description varchar(255), name varchar(255), city varchar(255), province varchar(255), street varchar(255), zip varchar(255), given_name varchar(255), middle_name varchar(255), surname varchar(255), primary key (id))
Hibernate: create table PRODUCT (id bigint generated by default as identity (start with 1), description varchar(255), name varchar(255), primary key (id))
Hibernate: create table PROPERTY (id bigint generated by default as identity (start with 1), description varchar(255), name varchar(255), primary key (id))
Hibernate: create table SALES_ORDER (id bigint generated by default as identity (start with 1), description varchar(255), name varchar(255), dateCompleted timestamp, dateCreated timestamp, purchaseOrderNo varchar(255), SHIP_TO varchar(255), TRACKING_NO varchar(255) not null, customer_id bigint not null, primary key (id), unique (TRACKING_NO))
Hibernate: create table SALES_ORDER_ORDER_ITEM (SALES_ORDER_id bigint not null, items_id bigint not null, unique (items_id))
Hibernate: create table WORK_ORDER (id bigint generated by default as identity (start with 1), description varchar(255), name varchar(255), dateCompleted timestamp, dateCreated timestamp, TRACKING_NO varchar(255) not null, salesOrder_id bigint, primary key (id), unique (TRACKING_NO))
Hibernate: alter table ORDER_ITEM add constraint FK4BBDE984FF5DF270 foreign key (product_id) references PRODUCT
Hibernate: alter table ORDER_ITEM add constraint FK4BBDE984B9EB549A foreign key (salesOrder_id) references SALES_ORDER
Hibernate: alter table SALES_ORDER add constraint FK1E0EE21B9C237F4A foreign key (customer_id) references PERSON
Hibernate: alter table SALES_ORDER_ORDER_ITEM add constraint FK5D888E285171873B foreign key (items_id) references ORDER_ITEM
Hibernate: alter table SALES_ORDER_ORDER_ITEM add constraint FK5D888E2874632D61 foreign key (SALES_ORDER_id) references SALES_ORDER
Hibernate: alter table WORK_ORDER add constraint FK32436080B9EB549A foreign key (salesOrder_id) references SALES_ORDER
22:32:21.370 [main] INFO  o.h.tool.hbm2ddl.SchemaExport - HHH000230: Schema export complete
22:32:21.538 [main] INFO  o.s.o.j.LocalContainerEntityManagerFactoryBean - Building JPA container EntityManagerFactory for persistence unit &apos;default&apos;
22:32:21.539 [main] INFO  org.hibernate.ejb.Ejb3Configuration - HHH000204: Processing PersistenceUnitInfo [
	name: default
	...]
22:32:21.567 [main] INFO  o.h.s.j.c.i.ConnectionProviderInitiator - HHH000130: Instantiating explicit connection provider: org.hibernate.ejb.connection.InjectedDataSourceConnectionProvider
22:32:21.585 [main] INFO  org.hibernate.dialect.Dialect - HHH000400: Using dialect: org.hibernate.dialect.HSQLDialect
22:32:21.586 [main] INFO  o.h.e.j.internal.LobCreatorBuilder - HHH000424: Disabling contextual LOB creation as createClob() method threw error : java.lang.reflect.InvocationTargetException
22:32:21.587 [main] INFO  o.h.e.t.i.TransactionFactoryInitiator - HHH000268: Transaction strategy: org.hibernate.engine.transaction.internal.jdbc.JdbcTransactionFactory
22:32:21.587 [main] INFO  o.h.h.i.a.ASTQueryTranslatorFactory - HHH000397: Using ASTQueryTranslatorFactory
22:32:21.624 [main] INFO  o.h.tool.hbm2ddl.SchemaExport - HHH000227: Running hbm2ddl schema export
Hibernate: alter table ORDER_ITEM drop constraint FK4BBDE984FF5DF270
Hibernate: alter table ORDER_ITEM drop constraint FK4BBDE984B9EB549A
Hibernate: alter table SALES_ORDER drop constraint FK1E0EE21B9C237F4A
Hibernate: alter table SALES_ORDER_ORDER_ITEM drop constraint FK5D888E285171873B
Hibernate: alter table SALES_ORDER_ORDER_ITEM drop constraint FK5D888E2874632D61
Hibernate: alter table WORK_ORDER drop constraint FK32436080B9EB549A
Hibernate: drop table ARTICLE if exists
Hibernate: drop table ASSET if exists
Hibernate: drop table FIRM if exists
Hibernate: drop table ORDER_ITEM if exists
Hibernate: drop table PERSON if exists
Hibernate: drop table PRODUCT if exists
Hibernate: drop table PROPERTY if exists
Hibernate: drop table SALES_ORDER if exists
Hibernate: drop table SALES_ORDER_ORDER_ITEM if exists
Hibernate: drop table WORK_ORDER if exists
Hibernate: create table ARTICLE (id bigint generated by default as identity (start with 1), description varchar(255), name varchar(255), PRODUCTION_PRICE numeric(19,2), SELLING_PRICE numeric(19,2), primary key (id))
Hibernate: create table ASSET (id bigint generated by default as identity (start with 1), description varchar(255), name varchar(255), PRICE_PER_RENTAL_PERIOD numeric(19,2), RENTAL_PERIOD integer, STATUS integer, primary key (id))
Hibernate: create table FIRM (id bigint generated by default as identity (start with 1), description varchar(255), name varchar(255), primary key (id))
Hibernate: create table ORDER_ITEM (id bigint generated by default as identity (start with 1), description varchar(255), name varchar(255), quantity numeric(19,2), product_id bigint not null, salesOrder_id bigint not null, primary key (id))
Hibernate: create table PERSON (id bigint generated by default as identity (start with 1), description varchar(255), name varchar(255), city varchar(255), province varchar(255), street varchar(255), zip varchar(255), given_name varchar(255), middle_name varchar(255), surname varchar(255), primary key (id))
Hibernate: create table PRODUCT (id bigint generated by default as identity (start with 1), description varchar(255), name varchar(255), primary key (id))
Hibernate: create table PROPERTY (id bigint generated by default as identity (start with 1), description varchar(255), name varchar(255), primary key (id))
Hibernate: create table SALES_ORDER (id bigint generated by default as identity (start with 1), description varchar(255), name varchar(255), dateCompleted timestamp, dateCreated timestamp, purchaseOrderNo varchar(255), SHIP_TO varchar(255), TRACKING_NO varchar(255) not null, customer_id bigint not null, primary key (id), unique (TRACKING_NO))
Hibernate: create table SALES_ORDER_ORDER_ITEM (SALES_ORDER_id bigint not null, items_id bigint not null, unique (items_id))
Hibernate: create table WORK_ORDER (id bigint generated by default as identity (start with 1), description varchar(255), name varchar(255), dateCompleted timestamp, dateCreated timestamp, TRACKING_NO varchar(255) not null, salesOrder_id bigint, primary key (id), unique (TRACKING_NO))
Hibernate: alter table ORDER_ITEM add constraint FK4BBDE984FF5DF270 foreign key (product_id) references PRODUCT
Hibernate: alter table ORDER_ITEM add constraint FK4BBDE984B9EB549A foreign key (salesOrder_id) references SALES_ORDER
Hibernate: alter table SALES_ORDER add constraint FK1E0EE21B9C237F4A foreign key (customer_id) references PERSON
Hibernate: alter table SALES_ORDER_ORDER_ITEM add constraint FK5D888E285171873B foreign key (items_id) references ORDER_ITEM
Hibernate: alter table SALES_ORDER_ORDER_ITEM add constraint FK5D888E2874632D61 foreign key (SALES_ORDER_id) references SALES_ORDER
Hibernate: alter table WORK_ORDER add constraint FK32436080B9EB549A foreign key (salesOrder_id) references SALES_ORDER
22:32:21.642 [main] INFO  o.h.tool.hbm2ddl.SchemaExport - HHH000230: Schema export complete
22:32:21.654 [main] WARN  o.h.e.i.EntityManagerFactoryRegistry - HHH000436: Entity manager factory name (default) is already registered.  If entity manager will be clustered or passivated, specify a unique value for property &apos;hibernate.ejb.entitymanager_factory_name&apos;
Hibernate: select pplasaleso0_.id as id1_, pplasaleso0_.description as descript2_1_, pplasaleso0_.name as name1_, pplasaleso0_.dateCompleted as dateComp4_1_, pplasaleso0_.dateCreated as dateCrea5_1_, pplasaleso0_.customer_id as customer9_1_, pplasaleso0_.purchaseOrderNo as purchase6_1_, pplasaleso0_.SHIP_TO as SHIP7_1_, pplasaleso0_.TRACKING_NO as TRACKING8_1_ from SALES_ORDER pplasaleso0_
</system-out>
    <system-err>Jun 24, 2014 10:32:19 PM com.mchange.v2.log.MLog &lt;clinit&gt;
INFO: MLog clients using java 1.4+ standard logging.
Jun 24, 2014 10:32:20 PM com.mchange.v2.c3p0.C3P0Registry banner
INFO: Initializing c3p0-0.9.2.1 [built 20-March-2013 10:47:27 +0000; debug? true; trace: 10]
Jun 24, 2014 10:32:20 PM com.mchange.v2.c3p0.impl.AbstractPoolBackedDataSource getPoolManager
INFO: Initializing c3p0 pool... com.mchange.v2.c3p0.ComboPooledDataSource [ acquireIncrement -&gt; 1, acquireRetryAttempts -&gt; 30, acquireRetryDelay -&gt; 1000, autoCommitOnClose -&gt; false, automaticTestTable -&gt; null, breakAfterAcquireFailure -&gt; false, checkoutTimeout -&gt; 0, connectionCustomizerClassName -&gt; null, connectionTesterClassName -&gt; com.mchange.v2.c3p0.impl.DefaultConnectionTester, dataSourceName -&gt; 1hge0ys921l8l9tg4tr0v4|4afe268a, debugUnreturnedConnectionStackTraces -&gt; false, description -&gt; null, driverClass -&gt; org.hsqldb.jdbcDriver, factoryClassLocation -&gt; null, forceIgnoreUnresolvedTransactions -&gt; false, identityToken -&gt; 1hge0ys921l8l9tg4tr0v4|4afe268a, idleConnectionTestPeriod -&gt; 0, initialPoolSize -&gt; 3, jdbcUrl -&gt; jdbc:hsqldb:mem:d3;shutdown=true, maxAdministrativeTaskTime -&gt; 0, maxConnectionAge -&gt; 0, maxIdleTime -&gt; 600, maxIdleTimeExcessConnections -&gt; 0, maxPoolSize -&gt; 5, maxStatements -&gt; 0, maxStatementsPerConnection -&gt; 0, minPoolSize -&gt; 2, numHelperThreads -&gt; 3, preferredTestQuery -&gt; null, properties -&gt; {user=******, password=******}, propertyCycle -&gt; 0, statementCacheNumDeferredCloseThreads -&gt; 0, testConnectionOnCheckin -&gt; false, testConnectionOnCheckout -&gt; false, unreturnedConnectionTimeout -&gt; 0, userOverrides -&gt; {}, usesTraditionalReflectiveProxies -&gt; false ]
Jun 24, 2014 10:32:21 PM com.mchange.v2.c3p0.impl.AbstractPoolBackedDataSource getPoolManager
INFO: Initializing c3p0 pool... com.mchange.v2.c3p0.ComboPooledDataSource [ acquireIncrement -&gt; 1, acquireRetryAttempts -&gt; 30, acquireRetryDelay -&gt; 1000, autoCommitOnClose -&gt; false, automaticTestTable -&gt; null, breakAfterAcquireFailure -&gt; false, checkoutTimeout -&gt; 0, connectionCustomizerClassName -&gt; null, connectionTesterClassName -&gt; com.mchange.v2.c3p0.impl.DefaultConnectionTester, dataSourceName -&gt; 1hge0ys921l8l9tg4tr0v4|74f7b038, debugUnreturnedConnectionStackTraces -&gt; false, description -&gt; null, driverClass -&gt; org.hsqldb.jdbcDriver, factoryClassLocation -&gt; null, forceIgnoreUnresolvedTransactions -&gt; false, identityToken -&gt; 1hge0ys921l8l9tg4tr0v4|74f7b038, idleConnectionTestPeriod -&gt; 0, initialPoolSize -&gt; 3, jdbcUrl -&gt; jdbc:hsqldb:mem:d3;shutdown=true, maxAdministrativeTaskTime -&gt; 0, maxConnectionAge -&gt; 0, maxIdleTime -&gt; 600, maxIdleTimeExcessConnections -&gt; 0, maxPoolSize -&gt; 5, maxStatements -&gt; 0, maxStatementsPerConnection -&gt; 0, minPoolSize -&gt; 2, numHelperThreads -&gt; 3, preferredTestQuery -&gt; null, properties -&gt; {user=******, password=******}, propertyCycle -&gt; 0, statementCacheNumDeferredCloseThreads -&gt; 0, testConnectionOnCheckin -&gt; false, testConnectionOnCheckout -&gt; false, unreturnedConnectionTimeout -&gt; 0, userOverrides -&gt; {}, usesTraditionalReflectiveProxies -&gt; false ]
</system-err>
  </testcase>
</testsuite>